<?xml version="1.0" encoding="UTF-8"?>
<!-- Generated by org.testng.reporters.JUnitReportReporter -->
<testsuite hostname="Sadman" failures="0" tests="2" name="tests.OrderTest" time="12.938" errors="0" timestamp="2022-10-20T20:52:51 BDT" skipped="0">
  <testcase classname="tests.OrderTest" name="clickOnOrder" time="5.423"/>
  <system-out/>
  <testcase classname="tests.OrderTest" name="clickOnCompleteTheOrder" time="7.515"/>
  <system-out/>
</testsuite> <!-- tests.OrderTest -->
