<?xml version="1.0" encoding="UTF-8"?>
<!-- Generated by org.testng.reporters.JUnitReportReporter -->
<testsuite hostname="Sadman" failures="0" tests="6" name="tests.HomePageTest" time="44.683" errors="0" timestamp="2022-10-20T20:52:51 BDT" skipped="0">
  <testcase classname="tests.HomePageTest" name="clickOnPublisher" time="8.933"/>
  <system-out/>
  <testcase classname="tests.HomePageTest" name="clickOnpublisherName" time="8.130"/>
  <system-out/>
  <testcase classname="tests.HomePageTest" name="clickOnSubjectনানাদেশওভ্রমণ" time="5.425"/>
  <system-out/>
  <testcase classname="tests.HomePageTest" name="clickOnWriterশাকুরমজিদ" time="5.374"/>
  <system-out/>
  <testcase classname="tests.HomePageTest" name="selectField" time="8.469"/>
  <system-out/>
  <testcase classname="tests.HomePageTest" name="clickOnBookফেরাউনেরগ্রাম" time="8.352"/>
  <system-out/>
</testsuite> <!-- tests.HomePageTest -->
