<?xml version="1.0" encoding="UTF-8"?>
<!-- Generated by org.testng.reporters.JUnitReportReporter -->
<testsuite hostname="Sadman" failures="0" tests="6" name="tests.CheckoutTest" time="43.248" errors="0" timestamp="2022-10-20T20:52:51 BDT" skipped="0">
  <testcase classname="tests.CheckoutTest" name="sendName" time="5.431"/>
  <system-out/>
  <testcase classname="tests.CheckoutTest" name="sendNumber" time="5.331"/>
  <system-out/>
  <testcase classname="tests.CheckoutTest" name="sendEmail" time="5.375"/>
  <system-out/>
  <testcase classname="tests.CheckoutTest" name="selectState" time="13.404"/>
  <system-out/>
  <testcase classname="tests.CheckoutTest" name="selectArea" time="8.411"/>
  <system-out/>
  <testcase classname="tests.CheckoutTest" name="sendAddress" time="5.296"/>
  <system-out/>
</testsuite> <!-- tests.CheckoutTest -->
